[debug] [2023-09-17T11:52:13.652Z] ----------------------------------------------------------------------
[debug] [2023-09-17T11:52:13.655Z] Command:       C:\Program Files\nodejs\node.exe C:\Users\Administrator\AppData\Roaming\npm\node_modules\firebase-tools\lib\bin\firebase.js init
[debug] [2023-09-17T11:52:13.655Z] CLI Version:   12.5.4
[debug] [2023-09-17T11:52:13.655Z] Platform:      win32
[debug] [2023-09-17T11:52:13.655Z] Node Version:  v20.5.0
[debug] [2023-09-17T11:52:13.656Z] Time:          Sun Sep 17 2023 17:22:13 GMT+0530 (India Standard Time)
[debug] [2023-09-17T11:52:13.656Z] ----------------------------------------------------------------------
[debug] 
[debug] [2023-09-17T11:52:13.660Z] >>> [apiv2][query] GET https://firebase-public.firebaseio.com/cli.json [none]
[debug] [2023-09-17T11:52:13.716Z] > command requires scopes: ["email","openid","https://www.googleapis.com/auth/cloudplatformprojects.readonly","https://www.googleapis.com/auth/firebase","https://www.googleapis.com/auth/cloud-platform"]
[debug] [2023-09-17T11:52:13.716Z] > authorizing via signed-in user (harshita.sanan@gmail.com)
[info] 
     ######## #### ########  ######## ########     ###     ######  ########
     ##        ##  ##     ## ##       ##     ##  ##   ##  ##       ##
     ######    ##  ########  ######   ########  #########  ######  ######
     ##        ##  ##    ##  ##       ##     ## ##     ##       ## ##
     ##       #### ##     ## ######## ########  ##     ##  ######  ########

You're about to initialize a Firebase project in this directory:

  C:\Users\Administrator\login

[debug] [2023-09-17T11:52:14.355Z] <<< [apiv2][status] GET https://firebase-public.firebaseio.com/cli.json 200
[debug] [2023-09-17T11:52:14.355Z] <<< [apiv2][body] GET https://firebase-public.firebaseio.com/cli.json {"cloudBuildErrorAfter":1594252800000,"cloudBuildWarnAfter":1590019200000,"defaultNode10After":1594252800000,"minVersion":"3.0.5","node8DeploysDisabledAfter":1613390400000,"node8RuntimeDisabledAfter":1615809600000,"node8WarnAfter":1600128000000}
